<?xml version="1.0" encoding="UTF-8"?>
<!-- Generated by org.testng.reporters.JUnitReportReporter -->
<testsuite hostname="DESKTOP-CMOP74H" failures="0" tests="2" name="com.crm.qa.testcases.HomePageTest" time="14.153" errors="0" timestamp="10 Mar 2021 07:57:28 GMT" skipped="0">
  <testcase classname="com.crm.qa.testcases.HomePageTest" name="homePageTitleTest" time="5.733"/>
  <testcase classname="com.crm.qa.testcases.HomePageTest" name="homeTest" time="8.420"/>
</testsuite> <!-- com.crm.qa.testcases.HomePageTest -->
