<?xml version="1.0" encoding="UTF-8"?>
<!-- Generated by org.testng.reporters.JUnitReportReporter -->
<testsuite hostname="DESKTOP-CMOP74H" failures="0" tests="2" name="com.crm.qa.testcases.LoginPageTest" time="17.614" errors="0" timestamp="11 Mar 2021 16:37:30 GMT" skipped="0">
  <testcase classname="com.crm.qa.testcases.LoginPageTest" name="loginPageTitleTest" time="5.282"/>
  <testcase classname="com.crm.qa.testcases.LoginPageTest" name="loginTest" time="12.332"/>
</testsuite> <!-- com.crm.qa.testcases.LoginPageTest -->
