<?xml version="1.0" encoding="UTF-8"?>
<!-- Generated by org.testng.reporters.JUnitReportReporter -->
<testsuite hostname="DESKTOP-CMOP74H" failures="0" tests="1" name="com.crm.qa.testcases.HomePageTest" time="8.703" errors="0" timestamp="13 Mar 2021 18:37:54 GMT" skipped="0">
  <testcase classname="com.crm.qa.testcases.HomePageTest" name="nologoutTest" time="8.703"/>
</testsuite> <!-- com.crm.qa.testcases.HomePageTest -->
