<?xml version="1.0" encoding="UTF-8"?>
<!-- Generated by org.testng.reporters.JUnitReportReporter -->
<testsuite hostname="DESKTOP-CMOP74H" failures="0" tests="1" name="com.crm.qa.testcases.LoginPageTest" time="9.741" errors="0" timestamp="13 Mar 2021 17:36:53 GMT" skipped="0">
  <testcase classname="com.crm.qa.testcases.LoginPageTest" name="wrongPasswordTestAlert" time="9.741"/>
</testsuite> <!-- com.crm.qa.testcases.LoginPageTest -->
