<?xml version="1.0" encoding="UTF-8"?>
<!-- Generated by org.testng.reporters.JUnitReportReporter -->
<testsuite hostname="DESKTOP-CMOP74H" failures="0" tests="1" name="com.crm.qa.testcases.LoginPageTest" time="10.510" errors="0" timestamp="14 Mar 2021 04:48:27 GMT" skipped="0">
  <testcase classname="com.crm.qa.testcases.LoginPageTest" name="loginTest" time="10.510"/>
</testsuite> <!-- com.crm.qa.testcases.LoginPageTest -->
